{
  "stats": {
    "suites": 1,
    "tests": 1,
    "passes": 0,
    "pending": 0,
    "failures": 1,
    "start": "2022-01-10T14:36:54.557Z",
    "end": "2022-01-10T14:36:54.761Z",
    "duration": 204,
    "testsRegistered": 1,
    "passPercent": 0,
    "pendingPercent": 0,
    "other": 0,
    "hasOther": false,
    "skipped": 0,
    "hasSkipped": false
  },
  "results": [
    {
      "uuid": "33c86dd5-fa4c-4d74-b421-2edfb193aebd",
      "title": "",
      "fullFile": "cypress/integration/compraMoverPro.feature",
      "file": "cypress/integration/compraMoverPro.feature",
      "beforeHooks": [],
      "afterHooks": [],
      "tests": [],
      "suites": [
        {
          "uuid": "5be04994-62ca-4572-a687-638da9e5da70",
          "title": "Compra Mover Pro",
          "fullFile": "",
          "file": "",
          "beforeHooks": [],
          "afterHooks": [],
          "tests": [
            {
              "title": "Compra Mover Pro Anual",
              "fullTitle": "Compra Mover Pro Compra Mover Pro Anual",
              "timedOut": null,
              "duration": 158,
              "state": "failed",
              "speed": null,
              "pass": false,
              "fail": true,
              "pending": false,
              "context": null,
              "code": "const state = window.testState;\nreturn cy\n  .then(() => state.onStartScenario(scenario, indexedSteps))\n  .then(() =>\n    resolveAndRunBeforeHooks.call(this, scenario.tags, state.feature.name)\n  )\n  .then(() =>\n    indexedSteps.forEach((step) =>\n      stepTest.call(this, state, step, rowData)\n    )\n  )\n  .then(() => state.onFinishScenario(scenario));",
              "err": {
                "message": "TypeError: vitrine.iframe_planos is not a function",
                "estack": "TypeError: vitrine.iframe_planos is not a function\n    at compraMoverProPage.AbrirMoverPro (https://tchml.tradersclub.com.br/__cypress/tests?p=cypress/integration/compraMoverPro.feature:758:25)\n    at Context.eval (https://tchml.tradersclub.com.br/__cypress/tests?p=cypress/integration/compraMoverPro.feature:1976:12)\n    at Context.resolveAndRunStepDefinition (https://tchml.tradersclub.com.br/__cypress/tests?p=cypress/integration/compraMoverPro.feature:12499:29)\n    at Context.eval (https://tchml.tradersclub.com.br/__cypress/tests?p=cypress/integration/compraMoverPro.feature:11820:35)",
                "diff": null
              },
              "uuid": "f229c6f7-3205-49f0-93e8-30a7e9745455",
              "parentUUID": "5be04994-62ca-4572-a687-638da9e5da70",
              "isHook": false,
              "skipped": false
            }
          ],
          "suites": [],
          "passes": [],
          "failures": [
            "f229c6f7-3205-49f0-93e8-30a7e9745455"
          ],
          "pending": [],
          "skipped": [],
          "duration": 158,
          "root": false,
          "rootEmpty": false,
          "_timeout": 2000
        }
      ],
      "passes": [],
      "failures": [],
      "pending": [],
      "skipped": [],
      "duration": 0,
      "root": true,
      "rootEmpty": true,
      "_timeout": 2000
    }
  ],
  "meta": {
    "mocha": {
      "version": "7.0.1"
    },
    "mochawesome": {
      "options": {
        "quiet": false,
        "reportFilename": "mochawesome",
        "saveHtml": true,
        "saveJson": true,
        "consoleReporter": "spec",
        "useInlineDiffs": false,
        "code": true
      },
      "version": "6.2.2"
    },
    "marge": {
      "options": {
        "overwrite": false
      },
      "version": "5.2.0"
    }
  }
}