{
  "stats": {
    "suites": 1,
    "tests": 1,
    "passes": 0,
    "pending": 0,
    "failures": 1,
    "start": "2022-01-10T14:36:44.020Z",
    "end": "2022-01-10T14:36:44.255Z",
    "duration": 235,
    "testsRegistered": 1,
    "passPercent": 0,
    "pendingPercent": 0,
    "other": 0,
    "hasOther": false,
    "skipped": 0,
    "hasSkipped": false
  },
  "results": [
    {
      "uuid": "83db749d-9534-4e88-9109-7b860023189b",
      "title": "",
      "fullFile": "cypress/integration/compraMaster.feature",
      "file": "cypress/integration/compraMaster.feature",
      "beforeHooks": [],
      "afterHooks": [],
      "tests": [],
      "suites": [
        {
          "uuid": "073b77f4-1bda-4d4a-8bd4-3eb06ccc81c9",
          "title": "Compra master",
          "fullFile": "",
          "file": "",
          "beforeHooks": [],
          "afterHooks": [],
          "tests": [
            {
              "title": "Compra Master Anual",
              "fullTitle": "Compra master Compra Master Anual",
              "timedOut": null,
              "duration": 194,
              "state": "failed",
              "speed": null,
              "pass": false,
              "fail": true,
              "pending": false,
              "context": null,
              "code": "const state = window.testState;\nreturn cy\n  .then(() => state.onStartScenario(scenario, indexedSteps))\n  .then(() =>\n    resolveAndRunBeforeHooks.call(this, scenario.tags, state.feature.name)\n  )\n  .then(() =>\n    indexedSteps.forEach((step) =>\n      stepTest.call(this, state, step, rowData)\n    )\n  )\n  .then(() => state.onFinishScenario(scenario));",
              "err": {
                "message": "TypeError: vitrine.iframe_planos is not a function",
                "estack": "TypeError: vitrine.iframe_planos is not a function\n    at CompraMasterPage.AbrirMaster (https://tchml.tradersclub.com.br/__cypress/tests?p=cypress/integration/compraMaster.feature:1503:25)\n    at Context.eval (https://tchml.tradersclub.com.br/__cypress/tests?p=cypress/integration/compraMaster.feature:1943:10)\n    at Context.resolveAndRunStepDefinition (https://tchml.tradersclub.com.br/__cypress/tests?p=cypress/integration/compraMaster.feature:12499:29)\n    at Context.eval (https://tchml.tradersclub.com.br/__cypress/tests?p=cypress/integration/compraMaster.feature:11820:35)",
                "diff": null
              },
              "uuid": "997a5131-92ba-4120-83a8-864b9a8d2498",
              "parentUUID": "073b77f4-1bda-4d4a-8bd4-3eb06ccc81c9",
              "isHook": false,
              "skipped": false
            }
          ],
          "suites": [],
          "passes": [],
          "failures": [
            "997a5131-92ba-4120-83a8-864b9a8d2498"
          ],
          "pending": [],
          "skipped": [],
          "duration": 194,
          "root": false,
          "rootEmpty": false,
          "_timeout": 2000
        }
      ],
      "passes": [],
      "failures": [],
      "pending": [],
      "skipped": [],
      "duration": 0,
      "root": true,
      "rootEmpty": true,
      "_timeout": 2000
    }
  ],
  "meta": {
    "mocha": {
      "version": "7.0.1"
    },
    "mochawesome": {
      "options": {
        "quiet": false,
        "reportFilename": "mochawesome",
        "saveHtml": true,
        "saveJson": true,
        "consoleReporter": "spec",
        "useInlineDiffs": false,
        "code": true
      },
      "version": "6.2.2"
    },
    "marge": {
      "options": {
        "overwrite": false
      },
      "version": "5.2.0"
    }
  }
}