{
  "stats": {
    "suites": 1,
    "tests": 1,
    "passes": 0,
    "pending": 0,
    "failures": 1,
    "start": "2022-01-10T14:36:22.127Z",
    "end": "2022-01-10T14:36:32.653Z",
    "duration": 10526,
    "testsRegistered": 1,
    "passPercent": 0,
    "pendingPercent": 0,
    "other": 0,
    "hasOther": false,
    "skipped": 0,
    "hasSkipped": false
  },
  "results": [
    {
      "uuid": "4dc8f75b-629e-4c04-8371-0c99ce23fc79",
      "title": "",
      "fullFile": "cypress/integration/adminLogin.feature",
      "file": "cypress/integration/adminLogin.feature",
      "beforeHooks": [],
      "afterHooks": [],
      "tests": [],
      "suites": [
        {
          "uuid": "71363495-7876-45f8-9aab-fcaca3e8d71c",
          "title": "Validar ADMIN",
          "fullFile": "",
          "file": "",
          "beforeHooks": [],
          "afterHooks": [],
          "tests": [
            {
              "title": "Validar ADMIN",
              "fullTitle": "Validar ADMIN Validar ADMIN",
              "timedOut": null,
              "duration": 10464,
              "state": "failed",
              "speed": null,
              "pass": false,
              "fail": true,
              "pending": false,
              "context": null,
              "code": "const state = window.testState;\nreturn cy\n  .then(() => state.onStartScenario(scenario, indexedSteps))\n  .then(() =>\n    resolveAndRunBeforeHooks.call(this, scenario.tags, state.feature.name)\n  )\n  .then(() =>\n    indexedSteps.forEach((step) =>\n      stepTest.call(this, state, step, rowData)\n    )\n  )\n  .then(() => state.onFinishScenario(scenario));",
              "err": {
                "message": "AssertionError: Timed out retrying after 10000ms: Expected to find element: `h1`, but never found it.",
                "estack": "AssertionError: Timed out retrying after 10000ms: Expected to find element: `h1`, but never found it.\n    at adminHomePage.TxtTelaLogin (https://tchml.tradersclub.com.br/__cypress/tests?p=cypress/integration/adminLogin.feature:1353:41)\n    at Context.eval (https://tchml.tradersclub.com.br/__cypress/tests?p=cypress/integration/adminLogin.feature:1848:13)\n    at Context.resolveAndRunStepDefinition (https://tchml.tradersclub.com.br/__cypress/tests?p=cypress/integration/adminLogin.feature:12499:29)\n    at Context.eval (https://tchml.tradersclub.com.br/__cypress/tests?p=cypress/integration/adminLogin.feature:11820:35)",
                "diff": null
              },
              "uuid": "a026a8a2-9b73-4469-bbe4-2ee474b86af4",
              "parentUUID": "71363495-7876-45f8-9aab-fcaca3e8d71c",
              "isHook": false,
              "skipped": false
            }
          ],
          "suites": [],
          "passes": [],
          "failures": [
            "a026a8a2-9b73-4469-bbe4-2ee474b86af4"
          ],
          "pending": [],
          "skipped": [],
          "duration": 10464,
          "root": false,
          "rootEmpty": false,
          "_timeout": 2000
        }
      ],
      "passes": [],
      "failures": [],
      "pending": [],
      "skipped": [],
      "duration": 0,
      "root": true,
      "rootEmpty": true,
      "_timeout": 2000
    }
  ],
  "meta": {
    "mocha": {
      "version": "7.0.1"
    },
    "mochawesome": {
      "options": {
        "quiet": false,
        "reportFilename": "mochawesome",
        "saveHtml": true,
        "saveJson": true,
        "consoleReporter": "spec",
        "useInlineDiffs": false,
        "code": true
      },
      "version": "6.2.2"
    },
    "marge": {
      "options": {
        "overwrite": false
      },
      "version": "5.2.0"
    }
  }
}