{
  "stats": {
    "suites": 1,
    "tests": 1,
    "passes": 0,
    "pending": 0,
    "failures": 1,
    "start": "2022-01-10T14:36:38.774Z",
    "end": "2022-01-10T14:36:39.028Z",
    "duration": 254,
    "testsRegistered": 1,
    "passPercent": 0,
    "pendingPercent": 0,
    "other": 0,
    "hasOther": false,
    "skipped": 0,
    "hasSkipped": false
  },
  "results": [
    {
      "uuid": "6a877199-1ec6-4275-ae3f-979dc0fec1ec",
      "title": "",
      "fullFile": "cypress/integration/compraCombo.feature",
      "file": "cypress/integration/compraCombo.feature",
      "beforeHooks": [],
      "afterHooks": [],
      "tests": [],
      "suites": [
        {
          "uuid": "6087b060-d5a8-4fa1-9a91-02f9ccfdc746",
          "title": "Compra Combo",
          "fullFile": "",
          "file": "",
          "beforeHooks": [],
          "afterHooks": [],
          "tests": [
            {
              "title": "Compra Combo Anual",
              "fullTitle": "Compra Combo Compra Combo Anual",
              "timedOut": null,
              "duration": 212,
              "state": "failed",
              "speed": null,
              "pass": false,
              "fail": true,
              "pending": false,
              "context": null,
              "code": "const state = window.testState;\nreturn cy\n  .then(() => state.onStartScenario(scenario, indexedSteps))\n  .then(() =>\n    resolveAndRunBeforeHooks.call(this, scenario.tags, state.feature.name)\n  )\n  .then(() =>\n    indexedSteps.forEach((step) =>\n      stepTest.call(this, state, step, rowData)\n    )\n  )\n  .then(() => state.onFinishScenario(scenario));",
              "err": {
                "message": "TypeError: vitrine.iframe_planos is not a function",
                "estack": "TypeError: vitrine.iframe_planos is not a function\n    at CompraComboPage.AbrirCombo (https://tchml.tradersclub.com.br/__cypress/tests?p=cypress/integration/compraCombo.feature:1423:25)\n    at Context.eval (https://tchml.tradersclub.com.br/__cypress/tests?p=cypress/integration/compraCombo.feature:1877:9)\n    at Context.resolveAndRunStepDefinition (https://tchml.tradersclub.com.br/__cypress/tests?p=cypress/integration/compraCombo.feature:12499:29)\n    at Context.eval (https://tchml.tradersclub.com.br/__cypress/tests?p=cypress/integration/compraCombo.feature:11820:35)",
                "diff": null
              },
              "uuid": "203c6963-0632-40e2-a365-f6841ced3aca",
              "parentUUID": "6087b060-d5a8-4fa1-9a91-02f9ccfdc746",
              "isHook": false,
              "skipped": false
            }
          ],
          "suites": [],
          "passes": [],
          "failures": [
            "203c6963-0632-40e2-a365-f6841ced3aca"
          ],
          "pending": [],
          "skipped": [],
          "duration": 212,
          "root": false,
          "rootEmpty": false,
          "_timeout": 2000
        }
      ],
      "passes": [],
      "failures": [],
      "pending": [],
      "skipped": [],
      "duration": 0,
      "root": true,
      "rootEmpty": true,
      "_timeout": 2000
    }
  ],
  "meta": {
    "mocha": {
      "version": "7.0.1"
    },
    "mochawesome": {
      "options": {
        "quiet": false,
        "reportFilename": "mochawesome",
        "saveHtml": true,
        "saveJson": true,
        "consoleReporter": "spec",
        "useInlineDiffs": false,
        "code": true
      },
      "version": "6.2.2"
    },
    "marge": {
      "options": {
        "overwrite": false
      },
      "version": "5.2.0"
    }
  }
}