{
  "stats": {
    "suites": 1,
    "tests": 2,
    "passes": 2,
    "pending": 0,
    "failures": 0,
    "start": "2022-01-10T14:36:09.339Z",
    "end": "2022-01-10T14:36:16.411Z",
    "duration": 7072,
    "testsRegistered": 2,
    "passPercent": 100,
    "pendingPercent": 0,
    "other": 0,
    "hasOther": false,
    "skipped": 0,
    "hasSkipped": false
  },
  "results": [
    {
      "uuid": "47c3d11d-98e5-41c1-ac5b-0410e224ea50",
      "title": "",
      "fullFile": "cypress/integration/adminEstorno.feature",
      "file": "cypress/integration/adminEstorno.feature",
      "beforeHooks": [],
      "afterHooks": [],
      "tests": [],
      "suites": [
        {
          "uuid": "8ca403fc-4129-4fb6-be41-f71455bca0b8",
          "title": "Validar Estorno via ADMIN",
          "fullFile": "",
          "file": "",
          "beforeHooks": [],
          "afterHooks": [],
          "tests": [
            {
              "title": "Validar campo estorno",
              "fullTitle": "Validar Estorno via ADMIN Validar campo estorno",
              "timedOut": null,
              "duration": 6036,
              "state": "passed",
              "speed": "medium",
              "pass": true,
              "fail": false,
              "pending": false,
              "context": null,
              "code": "const state = window.testState;\nreturn cy\n  .then(() => state.onStartScenario(scenario, indexedSteps))\n  .then(() =>\n    resolveAndRunBeforeHooks.call(this, scenario.tags, state.feature.name)\n  )\n  .then(() =>\n    indexedSteps.forEach((step) =>\n      stepTest.call(this, state, step, rowData)\n    )\n  )\n  .then(() => state.onFinishScenario(scenario));",
              "err": {},
              "uuid": "255a78f3-f5ab-4e80-ba65-877fe02afbe5",
              "parentUUID": "8ca403fc-4129-4fb6-be41-f71455bca0b8",
              "isHook": false,
              "skipped": false
            },
            {
              "title": "Validar formulario obrigatorio",
              "fullTitle": "Validar Estorno via ADMIN Validar formulario obrigatorio",
              "timedOut": null,
              "duration": 819,
              "state": "passed",
              "speed": "fast",
              "pass": true,
              "fail": false,
              "pending": false,
              "context": null,
              "code": "const state = window.testState;\nreturn cy\n  .then(() => state.onStartScenario(scenario, indexedSteps))\n  .then(() =>\n    resolveAndRunBeforeHooks.call(this, scenario.tags, state.feature.name)\n  )\n  .then(() =>\n    indexedSteps.forEach((step) =>\n      stepTest.call(this, state, step, rowData)\n    )\n  )\n  .then(() => state.onFinishScenario(scenario));",
              "err": {},
              "uuid": "d00875be-16ab-4304-85ea-2643336988c4",
              "parentUUID": "8ca403fc-4129-4fb6-be41-f71455bca0b8",
              "isHook": false,
              "skipped": false
            }
          ],
          "suites": [],
          "passes": [
            "255a78f3-f5ab-4e80-ba65-877fe02afbe5",
            "d00875be-16ab-4304-85ea-2643336988c4"
          ],
          "failures": [],
          "pending": [],
          "skipped": [],
          "duration": 6855,
          "root": false,
          "rootEmpty": false,
          "_timeout": 2000
        }
      ],
      "passes": [],
      "failures": [],
      "pending": [],
      "skipped": [],
      "duration": 0,
      "root": true,
      "rootEmpty": true,
      "_timeout": 2000
    }
  ],
  "meta": {
    "mocha": {
      "version": "7.0.1"
    },
    "mochawesome": {
      "options": {
        "quiet": false,
        "reportFilename": "mochawesome",
        "saveHtml": true,
        "saveJson": true,
        "consoleReporter": "spec",
        "useInlineDiffs": false,
        "code": true
      },
      "version": "6.2.2"
    },
    "marge": {
      "options": {
        "overwrite": false
      },
      "version": "5.2.0"
    }
  }
}